<?xml version="1.0" encoding="UTF-8"?>
<!-- Generated by org.testng.reporters.JUnitXMLReporter -->
<testsuite ignored="0" hostname="LAPTOP-2OII0J81" failures="0" tests="3" name="functional testing" time="0.044" errors="0" timestamp="2023-10-09T10:00:55 IST">
  <testcase classname="testngPractise.TestngClass" name="m1" time="0.01"/>
  <testcase classname="testngPractise.TestngClass" name="m2" time="0.001"/>
  <testcase classname="testngPractise.TestngClass" name="m3" time="0.001"/>
</testsuite> <!-- functional testing -->
